{"/home/arkey/Documents/file pribadi/code/hiring/Software Engineer/app.js": {"path":"/home/arkey/Documents/file pribadi/code/hiring/Software Engineer/app.js","statementMap":{"0":{"start":{"line":1,"column":0},"end":{"line":1,"column":27}},"1":{"start":{"line":2,"column":16},"end":{"line":2,"column":34}},"2":{"start":{"line":3,"column":13},"end":{"line":3,"column":37}},"3":{"start":{"line":4,"column":17},"end":{"line":4,"column":36}},"4":{"start":{"line":6,"column":12},"end":{"line":6,"column":32}},"5":{"start":{"line":7,"column":16},"end":{"line":7,"column":97}},"6":{"start":{"line":8,"column":0},"end":{"line":8,"column":53}},"7":{"start":{"line":9,"column":0},"end":{"line":9,"column":37}},"8":{"start":{"line":12,"column":14},"end":{"line":12,"column":35}},"9":{"start":{"line":14,"column":12},"end":{"line":14,"column":21}},"10":{"start":{"line":16,"column":0},"end":{"line":16,"column":62}},"11":{"start":{"line":17,"column":0},"end":{"line":17,"column":24}},"12":{"start":{"line":19,"column":0},"end":{"line":19,"column":20}},"13":{"start":{"line":21,"column":0},"end":{"line":23,"column":1}},"14":{"start":{"line":22,"column":2},"end":{"line":22,"column":71}},"15":{"start":{"line":22,"column":25},"end":{"line":22,"column":69}},"16":{"start":{"line":25,"column":0},"end":{"line":25,"column":21}}},"fnMap":{"0":{"name":"(anonymous_0)","decl":{"start":{"line":22,"column":19},"end":{"line":22,"column":20}},"loc":{"start":{"line":22,"column":25},"end":{"line":22,"column":69}},"line":22}},"branchMap":{"0":{"loc":{"start":{"line":3,"column":13},"end":{"line":3,"column":37}},"type":"binary-expr","locations":[{"start":{"line":3,"column":13},"end":{"line":3,"column":29}},{"start":{"line":3,"column":33},"end":{"line":3,"column":37}}],"line":3},"1":{"loc":{"start":{"line":7,"column":16},"end":{"line":7,"column":97}},"type":"cond-expr","locations":[{"start":{"line":7,"column":43},"end":{"line":7,"column":66}},{"start":{"line":7,"column":69},"end":{"line":7,"column":97}}],"line":7},"2":{"loc":{"start":{"line":21,"column":0},"end":{"line":23,"column":1}},"type":"if","locations":[{"start":{"line":21,"column":0},"end":{"line":23,"column":1}},{"start":{"line":21,"column":0},"end":{"line":23,"column":1}}],"line":21}},"s":{"0":2,"1":2,"2":2,"3":2,"4":2,"5":2,"6":2,"7":2,"8":2,"9":2,"10":2,"11":2,"12":2,"13":2,"14":0,"15":0,"16":2},"f":{"0":0},"b":{"0":[2,0],"1":[0,2],"2":[0,2]},"_coverageSchema":"43e27e138ebf9cfc5966b082cf9a028302ed4184","hash":"603016d6004b79a713c5da172941feb8912cbc22"}
,"/home/arkey/Documents/file pribadi/code/hiring/Software Engineer/__test__/helpers/constant.js": {"path":"/home/arkey/Documents/file pribadi/code/hiring/Software Engineer/__test__/helpers/constant.js","statementMap":{"0":{"start":{"line":1,"column":0},"end":{"line":13,"column":2}}},"fnMap":{},"branchMap":{},"s":{"0":1},"f":{},"b":{},"_coverageSchema":"43e27e138ebf9cfc5966b082cf9a028302ed4184","hash":"48ba991dbcf5f97318df3b5e60fad6618ef2547d"}
,"/home/arkey/Documents/file pribadi/code/hiring/Software Engineer/__test__/helpers/index.js": {"path":"/home/arkey/Documents/file pribadi/code/hiring/Software Engineer/__test__/helpers/index.js","statementMap":{"0":{"start":{"line":1,"column":0},"end":{"line":12,"column":2}},"1":{"start":{"line":3,"column":4},"end":{"line":4,"column":24}},"2":{"start":{"line":6,"column":4},"end":{"line":7,"column":54}},"3":{"start":{"line":9,"column":4},"end":{"line":10,"column":22}}},"fnMap":{"0":{"name":"(anonymous_0)","decl":{"start":{"line":2,"column":12},"end":{"line":2,"column":13}},"loc":{"start":{"line":2,"column":36},"end":{"line":11,"column":3}},"line":2}},"branchMap":{},"s":{"0":2,"1":5,"2":5,"3":5},"f":{"0":5},"b":{},"_coverageSchema":"43e27e138ebf9cfc5966b082cf9a028302ed4184","hash":"942ed44bb3fecb534a539d7d0fd0ceaf44c19f38"}
,"/home/arkey/Documents/file pribadi/code/hiring/Software Engineer/controllers/job.controller.js": {"path":"/home/arkey/Documents/file pribadi/code/hiring/Software Engineer/controllers/job.controller.js","statementMap":{"0":{"start":{"line":2,"column":13},"end":{"line":2,"column":43}},"1":{"start":{"line":4,"column":0},"end":{"line":133,"column":2}},"2":{"start":{"line":6,"column":4},"end":{"line":31,"column":5}},"3":{"start":{"line":15,"column":10},"end":{"line":15,"column":18}},"4":{"start":{"line":17,"column":19},"end":{"line":25,"column":7}},"5":{"start":{"line":26,"column":18},"end":{"line":26,"column":41}},"6":{"start":{"line":28,"column":6},"end":{"line":28,"column":39}},"7":{"start":{"line":30,"column":6},"end":{"line":30,"column":62}},"8":{"start":{"line":34,"column":4},"end":{"line":45,"column":5}},"9":{"start":{"line":35,"column":20},"end":{"line":35,"column":29}},"10":{"start":{"line":36,"column":24},"end":{"line":38,"column":12}},"11":{"start":{"line":40,"column":19},"end":{"line":40,"column":104}},"12":{"start":{"line":42,"column":6},"end":{"line":42,"column":40}},"13":{"start":{"line":44,"column":6},"end":{"line":44,"column":62}},"14":{"start":{"line":48,"column":4},"end":{"line":57,"column":5}},"15":{"start":{"line":49,"column":24},"end":{"line":49,"column":34}},"16":{"start":{"line":50,"column":18},"end":{"line":52,"column":8}},"17":{"start":{"line":54,"column":6},"end":{"line":54,"column":39}},"18":{"start":{"line":56,"column":6},"end":{"line":56,"column":62}},"19":{"start":{"line":60,"column":4},"end":{"line":68,"column":5}},"20":{"start":{"line":61,"column":23},"end":{"line":61,"column":33}},"21":{"start":{"line":62,"column":18},"end":{"line":64,"column":8}},"22":{"start":{"line":65,"column":6},"end":{"line":65,"column":39}},"23":{"start":{"line":67,"column":6},"end":{"line":67,"column":62}},"24":{"start":{"line":71,"column":4},"end":{"line":112,"column":5}},"25":{"start":{"line":72,"column":24},"end":{"line":72,"column":34}},"26":{"start":{"line":81,"column":10},"end":{"line":81,"column":18}},"27":{"start":{"line":83,"column":19},"end":{"line":91,"column":7}},"28":{"start":{"line":93,"column":18},"end":{"line":95,"column":8}},"29":{"start":{"line":97,"column":6},"end":{"line":99,"column":7}},"30":{"start":{"line":98,"column":8},"end":{"line":98,"column":66}},"31":{"start":{"line":101,"column":25},"end":{"line":107,"column":8}},"32":{"start":{"line":109,"column":6},"end":{"line":109,"column":46}},"33":{"start":{"line":111,"column":6},"end":{"line":111,"column":62}},"34":{"start":{"line":115,"column":4},"end":{"line":131,"column":5}},"35":{"start":{"line":116,"column":24},"end":{"line":116,"column":34}},"36":{"start":{"line":118,"column":25},"end":{"line":120,"column":8}},"37":{"start":{"line":122,"column":18},"end":{"line":124,"column":8}},"38":{"start":{"line":125,"column":6},"end":{"line":127,"column":7}},"39":{"start":{"line":126,"column":8},"end":{"line":126,"column":66}},"40":{"start":{"line":128,"column":6},"end":{"line":128,"column":46}},"41":{"start":{"line":130,"column":6},"end":{"line":130,"column":62}}},"fnMap":{"0":{"name":"(anonymous_0)","decl":{"start":{"line":5,"column":10},"end":{"line":5,"column":11}},"loc":{"start":{"line":5,"column":30},"end":{"line":32,"column":3}},"line":5},"1":{"name":"(anonymous_1)","decl":{"start":{"line":33,"column":11},"end":{"line":33,"column":12}},"loc":{"start":{"line":33,"column":31},"end":{"line":46,"column":3}},"line":33},"2":{"name":"(anonymous_2)","decl":{"start":{"line":47,"column":12},"end":{"line":47,"column":13}},"loc":{"start":{"line":47,"column":32},"end":{"line":58,"column":3}},"line":47},"3":{"name":"(anonymous_3)","decl":{"start":{"line":59,"column":14},"end":{"line":59,"column":15}},"loc":{"start":{"line":59,"column":34},"end":{"line":69,"column":3}},"line":59},"4":{"name":"(anonymous_4)","decl":{"start":{"line":70,"column":8},"end":{"line":70,"column":9}},"loc":{"start":{"line":70,"column":28},"end":{"line":113,"column":3}},"line":70},"5":{"name":"(anonymous_5)","decl":{"start":{"line":114,"column":10},"end":{"line":114,"column":11}},"loc":{"start":{"line":114,"column":30},"end":{"line":132,"column":3}},"line":114}},"branchMap":{"0":{"loc":{"start":{"line":36,"column":24},"end":{"line":38,"column":12}},"type":"cond-expr","locations":[{"start":{"line":36,"column":30},"end":{"line":38,"column":7}},{"start":{"line":38,"column":10},"end":{"line":38,"column":12}}],"line":36},"1":{"loc":{"start":{"line":84,"column":17},"end":{"line":84,"column":39}},"type":"binary-expr","locations":[{"start":{"line":84,"column":17},"end":{"line":84,"column":24}},{"start":{"line":84,"column":28},"end":{"line":84,"column":39}}],"line":84},"2":{"loc":{"start":{"line":85,"column":21},"end":{"line":85,"column":51}},"type":"binary-expr","locations":[{"start":{"line":85,"column":21},"end":{"line":85,"column":32}},{"start":{"line":85,"column":36},"end":{"line":85,"column":51}}],"line":85},"3":{"loc":{"start":{"line":86,"column":21},"end":{"line":86,"column":51}},"type":"binary-expr","locations":[{"start":{"line":86,"column":21},"end":{"line":86,"column":32}},{"start":{"line":86,"column":36},"end":{"line":86,"column":51}}],"line":86},"4":{"loc":{"start":{"line":87,"column":21},"end":{"line":87,"column":51}},"type":"binary-expr","locations":[{"start":{"line":87,"column":21},"end":{"line":87,"column":32}},{"start":{"line":87,"column":36},"end":{"line":87,"column":51}}],"line":87},"5":{"loc":{"start":{"line":88,"column":21},"end":{"line":88,"column":51}},"type":"binary-expr","locations":[{"start":{"line":88,"column":21},"end":{"line":88,"column":32}},{"start":{"line":88,"column":36},"end":{"line":88,"column":51}}],"line":88},"6":{"loc":{"start":{"line":89,"column":21},"end":{"line":89,"column":51}},"type":"binary-expr","locations":[{"start":{"line":89,"column":21},"end":{"line":89,"column":32}},{"start":{"line":89,"column":36},"end":{"line":89,"column":51}}],"line":89},"7":{"loc":{"start":{"line":90,"column":14},"end":{"line":90,"column":30}},"type":"binary-expr","locations":[{"start":{"line":90,"column":14},"end":{"line":90,"column":18}},{"start":{"line":90,"column":22},"end":{"line":90,"column":30}}],"line":90},"8":{"loc":{"start":{"line":97,"column":6},"end":{"line":99,"column":7}},"type":"if","locations":[{"start":{"line":97,"column":6},"end":{"line":99,"column":7}},{"start":{"line":97,"column":6},"end":{"line":99,"column":7}}],"line":97},"9":{"loc":{"start":{"line":125,"column":6},"end":{"line":127,"column":7}},"type":"if","locations":[{"start":{"line":125,"column":6},"end":{"line":127,"column":7}},{"start":{"line":125,"column":6},"end":{"line":127,"column":7}}],"line":125}},"s":{"0":2,"1":2,"2":2,"3":2,"4":2,"5":2,"6":1,"7":1,"8":1,"9":1,"10":1,"11":1,"12":1,"13":0,"14":1,"15":1,"16":1,"17":1,"18":0,"19":0,"20":0,"21":0,"22":0,"23":0,"24":0,"25":0,"26":0,"27":0,"28":0,"29":0,"30":0,"31":0,"32":0,"33":0,"34":1,"35":1,"36":1,"37":1,"38":1,"39":1,"40":0,"41":0},"f":{"0":2,"1":1,"2":1,"3":0,"4":0,"5":1},"b":{"0":[0,1],"1":[0,0],"2":[0,0],"3":[0,0],"4":[0,0],"5":[0,0],"6":[0,0],"7":[0,0],"8":[0,0],"9":[1,0]},"_coverageSchema":"43e27e138ebf9cfc5966b082cf9a028302ed4184","hash":"73bc505a1a2a4210ae40c04c17b9d88022a94641"}
,"/home/arkey/Documents/file pribadi/code/hiring/Software Engineer/controllers/scraper.controller.js": {"path":"/home/arkey/Documents/file pribadi/code/hiring/Software Engineer/controllers/scraper.controller.js","statementMap":{"0":{"start":{"line":1,"column":16},"end":{"line":1,"column":34}},"1":{"start":{"line":2,"column":14},"end":{"line":2,"column":30}},"2":{"start":{"line":5,"column":12},"end":{"line":5,"column":42}},"3":{"start":{"line":7,"column":0},"end":{"line":45,"column":2}},"4":{"start":{"line":9,"column":4},"end":{"line":43,"column":5}},"5":{"start":{"line":10,"column":23},"end":{"line":10,"column":61}},"6":{"start":{"line":11,"column":14},"end":{"line":11,"column":32}},"7":{"start":{"line":12,"column":20},"end":{"line":12,"column":22}},"8":{"start":{"line":13,"column":6},"end":{"line":34,"column":9}},"9":{"start":{"line":14,"column":28},"end":{"line":14,"column":74}},"10":{"start":{"line":15,"column":28},"end":{"line":15,"column":82}},"11":{"start":{"line":16,"column":21},"end":{"line":16,"column":65}},"12":{"start":{"line":17,"column":28},"end":{"line":17,"column":42}},"13":{"start":{"line":18,"column":28},"end":{"line":18,"column":49}},"14":{"start":{"line":19,"column":28},"end":{"line":19,"column":56}},"15":{"start":{"line":20,"column":24},"end":{"line":20,"column":79}},"16":{"start":{"line":21,"column":19},"end":{"line":21,"column":80}},"17":{"start":{"line":22,"column":8},"end":{"line":22,"column":31}},"18":{"start":{"line":23,"column":8},"end":{"line":23,"column":37}},"19":{"start":{"line":24,"column":25},"end":{"line":32,"column":9}},"20":{"start":{"line":33,"column":8},"end":{"line":33,"column":45}},"21":{"start":{"line":35,"column":25},"end":{"line":35,"column":51}},"22":{"start":{"line":37,"column":6},"end":{"line":40,"column":9}},"23":{"start":{"line":42,"column":6},"end":{"line":42,"column":62}}},"fnMap":{"0":{"name":"(anonymous_0)","decl":{"start":{"line":8,"column":16},"end":{"line":8,"column":17}},"loc":{"start":{"line":8,"column":36},"end":{"line":44,"column":3}},"line":8},"1":{"name":"(anonymous_1)","decl":{"start":{"line":13,"column":33},"end":{"line":13,"column":34}},"loc":{"start":{"line":13,"column":46},"end":{"line":34,"column":7}},"line":13}},"branchMap":{},"s":{"0":2,"1":2,"2":2,"3":2,"4":0,"5":0,"6":0,"7":0,"8":0,"9":0,"10":0,"11":0,"12":0,"13":0,"14":0,"15":0,"16":0,"17":0,"18":0,"19":0,"20":0,"21":0,"22":0,"23":0},"f":{"0":0,"1":0},"b":{},"_coverageSchema":"43e27e138ebf9cfc5966b082cf9a028302ed4184","hash":"0811f5083e5662a2af28c2b30a0539f6204703ca"}
,"/home/arkey/Documents/file pribadi/code/hiring/Software Engineer/models/job.model.js": {"path":"/home/arkey/Documents/file pribadi/code/hiring/Software Engineer/models/job.model.js","statementMap":{"0":{"start":{"line":1,"column":17},"end":{"line":1,"column":36}},"1":{"start":{"line":2,"column":15},"end":{"line":2,"column":30}},"2":{"start":{"line":4,"column":18},"end":{"line":40,"column":2}},"3":{"start":{"line":27,"column":8},"end":{"line":36,"column":13}},"4":{"start":{"line":31,"column":12},"end":{"line":33,"column":13}},"5":{"start":{"line":32,"column":14},"end":{"line":32,"column":58}},"6":{"start":{"line":35,"column":12},"end":{"line":35,"column":40}},"7":{"start":{"line":42,"column":0},"end":{"line":42,"column":32}},"8":{"start":{"line":44,"column":12},"end":{"line":44,"column":44}},"9":{"start":{"line":46,"column":0},"end":{"line":46,"column":21}}},"fnMap":{"0":{"name":"(anonymous_0)","decl":{"start":{"line":26,"column":17},"end":{"line":26,"column":18}},"loc":{"start":{"line":26,"column":24},"end":{"line":37,"column":7}},"line":26},"1":{"name":"(anonymous_1)","decl":{"start":{"line":30,"column":16},"end":{"line":30,"column":17}},"loc":{"start":{"line":30,"column":28},"end":{"line":34,"column":11}},"line":30},"2":{"name":"(anonymous_2)","decl":{"start":{"line":34,"column":19},"end":{"line":34,"column":20}},"loc":{"start":{"line":34,"column":28},"end":{"line":36,"column":11}},"line":34}},"branchMap":{"0":{"loc":{"start":{"line":31,"column":12},"end":{"line":33,"column":13}},"type":"if","locations":[{"start":{"line":31,"column":12},"end":{"line":33,"column":13}},{"start":{"line":31,"column":12},"end":{"line":33,"column":13}}],"line":31}},"s":{"0":2,"1":2,"2":2,"3":2,"4":2,"5":1,"6":1,"7":2,"8":2,"9":2},"f":{"0":2,"1":2,"2":1},"b":{"0":[1,1]},"_coverageSchema":"43e27e138ebf9cfc5966b082cf9a028302ed4184","hash":"9bab826e6083eb76f5803f9b36b77bd629a1cfb4"}
,"/home/arkey/Documents/file pribadi/code/hiring/Software Engineer/routers/index.js": {"path":"/home/arkey/Documents/file pribadi/code/hiring/Software Engineer/routers/index.js","statementMap":{"0":{"start":{"line":1,"column":16},"end":{"line":1,"column":34}},"1":{"start":{"line":2,"column":15},"end":{"line":2,"column":52}},"2":{"start":{"line":5,"column":12},"end":{"line":5,"column":35}},"3":{"start":{"line":6,"column":16},"end":{"line":6,"column":43}},"4":{"start":{"line":8,"column":0},"end":{"line":11,"column":29}},"5":{"start":{"line":9,"column":26},"end":{"line":9,"column":64}},"6":{"start":{"line":14,"column":0},"end":{"line":14,"column":23}}},"fnMap":{"0":{"name":"(anonymous_0)","decl":{"start":{"line":9,"column":12},"end":{"line":9,"column":13}},"loc":{"start":{"line":9,"column":26},"end":{"line":9,"column":64}},"line":9}},"branchMap":{},"s":{"0":2,"1":2,"2":2,"3":2,"4":2,"5":1,"6":2},"f":{"0":1},"b":{},"_coverageSchema":"43e27e138ebf9cfc5966b082cf9a028302ed4184","hash":"0510b644aa7d6f5d10bfc9f0a9ab3353a9614a63"}
,"/home/arkey/Documents/file pribadi/code/hiring/Software Engineer/routers/job.router.js": {"path":"/home/arkey/Documents/file pribadi/code/hiring/Software Engineer/routers/job.router.js","statementMap":{"0":{"start":{"line":1,"column":16},"end":{"line":1,"column":34}},"1":{"start":{"line":2,"column":15},"end":{"line":2,"column":52}},"2":{"start":{"line":3,"column":22},"end":{"line":3,"column":62}},"3":{"start":{"line":5,"column":0},"end":{"line":11,"column":43}},"4":{"start":{"line":15,"column":0},"end":{"line":15,"column":24}}},"fnMap":{},"branchMap":{},"s":{"0":2,"1":2,"2":2,"3":2,"4":2},"f":{},"b":{},"_coverageSchema":"43e27e138ebf9cfc5966b082cf9a028302ed4184","hash":"6a2cd848e0a7713f9a8342a909e5ab04b2b7c5f1"}
,"/home/arkey/Documents/file pribadi/code/hiring/Software Engineer/routers/scraper.router.js": {"path":"/home/arkey/Documents/file pribadi/code/hiring/Software Engineer/routers/scraper.router.js","statementMap":{"0":{"start":{"line":1,"column":16},"end":{"line":1,"column":34}},"1":{"start":{"line":2,"column":15},"end":{"line":2,"column":52}},"2":{"start":{"line":5,"column":16},"end":{"line":5,"column":60}},"3":{"start":{"line":7,"column":0},"end":{"line":8,"column":34}},"4":{"start":{"line":10,"column":0},"end":{"line":10,"column":24}}},"fnMap":{},"branchMap":{},"s":{"0":2,"1":2,"2":2,"3":2,"4":2},"f":{},"b":{},"_coverageSchema":"43e27e138ebf9cfc5966b082cf9a028302ed4184","hash":"218fda3fd9fc84998264c689d7cba6ef9e268350"}
}
