TN:
SF:/home/arkey/Documents/file pribadi/code/hiring/Software Engineer/app.js
FN:22,(anonymous_0)
FNF:1
FNH:0
FNDA:0,(anonymous_0)
DA:1,2
DA:2,2
DA:3,2
DA:4,2
DA:6,2
DA:7,2
DA:8,2
DA:9,2
DA:12,2
DA:14,2
DA:16,2
DA:17,2
DA:19,2
DA:21,2
DA:22,0
DA:25,2
LF:16
LH:15
BRDA:3,0,0,2
BRDA:3,0,1,0
BRDA:7,1,0,0
BRDA:7,1,1,2
BRDA:21,2,0,0
BRDA:21,2,1,2
BRF:6
BRH:3
end_of_record
TN:
SF:/home/arkey/Documents/file pribadi/code/hiring/Software Engineer/__test__/helpers/constant.js
FNF:0
FNH:0
DA:1,1
LF:1
LH:1
BRF:0
BRH:0
end_of_record
TN:
SF:/home/arkey/Documents/file pribadi/code/hiring/Software Engineer/__test__/helpers/index.js
FN:2,(anonymous_0)
FNF:1
FNH:1
FNDA:5,(anonymous_0)
DA:1,2
DA:3,5
DA:6,5
DA:9,5
LF:4
LH:4
BRF:0
BRH:0
end_of_record
TN:
SF:/home/arkey/Documents/file pribadi/code/hiring/Software Engineer/controllers/job.controller.js
FN:5,(anonymous_0)
FN:33,(anonymous_1)
FN:47,(anonymous_2)
FN:59,(anonymous_3)
FN:70,(anonymous_4)
FN:114,(anonymous_5)
FNF:6
FNH:4
FNDA:2,(anonymous_0)
FNDA:1,(anonymous_1)
FNDA:1,(anonymous_2)
FNDA:0,(anonymous_3)
FNDA:0,(anonymous_4)
FNDA:1,(anonymous_5)
DA:2,2
DA:4,2
DA:6,2
DA:15,2
DA:17,2
DA:26,2
DA:28,1
DA:30,1
DA:34,1
DA:35,1
DA:36,1
DA:40,1
DA:42,1
DA:44,0
DA:48,1
DA:49,1
DA:50,1
DA:54,1
DA:56,0
DA:60,0
DA:61,0
DA:62,0
DA:65,0
DA:67,0
DA:71,0
DA:72,0
DA:81,0
DA:83,0
DA:93,0
DA:97,0
DA:98,0
DA:101,0
DA:109,0
DA:111,0
DA:115,1
DA:116,1
DA:118,1
DA:122,1
DA:125,1
DA:126,1
DA:128,0
DA:130,0
LF:42
LH:23
BRDA:36,0,0,0
BRDA:36,0,1,1
BRDA:84,1,0,0
BRDA:84,1,1,0
BRDA:85,2,0,0
BRDA:85,2,1,0
BRDA:86,3,0,0
BRDA:86,3,1,0
BRDA:87,4,0,0
BRDA:87,4,1,0
BRDA:88,5,0,0
BRDA:88,5,1,0
BRDA:89,6,0,0
BRDA:89,6,1,0
BRDA:90,7,0,0
BRDA:90,7,1,0
BRDA:97,8,0,0
BRDA:97,8,1,0
BRDA:125,9,0,1
BRDA:125,9,1,0
BRF:20
BRH:2
end_of_record
TN:
SF:/home/arkey/Documents/file pribadi/code/hiring/Software Engineer/controllers/scraper.controller.js
FN:8,(anonymous_0)
FN:13,(anonymous_1)
FNF:2
FNH:0
FNDA:0,(anonymous_0)
FNDA:0,(anonymous_1)
DA:1,2
DA:2,2
DA:5,2
DA:7,2
DA:9,0
DA:10,0
DA:11,0
DA:12,0
DA:13,0
DA:14,0
DA:15,0
DA:16,0
DA:17,0
DA:18,0
DA:19,0
DA:20,0
DA:21,0
DA:22,0
DA:23,0
DA:24,0
DA:33,0
DA:35,0
DA:37,0
DA:42,0
LF:24
LH:4
BRF:0
BRH:0
end_of_record
TN:
SF:/home/arkey/Documents/file pribadi/code/hiring/Software Engineer/models/job.model.js
FN:26,(anonymous_0)
FN:30,(anonymous_1)
FN:34,(anonymous_2)
FNF:3
FNH:3
FNDA:2,(anonymous_0)
FNDA:2,(anonymous_1)
FNDA:1,(anonymous_2)
DA:1,2
DA:2,2
DA:4,2
DA:27,2
DA:31,2
DA:32,1
DA:35,1
DA:42,2
DA:44,2
DA:46,2
LF:10
LH:10
BRDA:31,0,0,1
BRDA:31,0,1,1
BRF:2
BRH:2
end_of_record
TN:
SF:/home/arkey/Documents/file pribadi/code/hiring/Software Engineer/routers/index.js
FN:9,(anonymous_0)
FNF:1
FNH:1
FNDA:1,(anonymous_0)
DA:1,2
DA:2,2
DA:5,2
DA:6,2
DA:8,2
DA:9,1
DA:14,2
LF:7
LH:7
BRF:0
BRH:0
end_of_record
TN:
SF:/home/arkey/Documents/file pribadi/code/hiring/Software Engineer/routers/job.router.js
FNF:0
FNH:0
DA:1,2
DA:2,2
DA:3,2
DA:5,2
DA:15,2
LF:5
LH:5
BRF:0
BRH:0
end_of_record
TN:
SF:/home/arkey/Documents/file pribadi/code/hiring/Software Engineer/routers/scraper.router.js
FNF:0
FNH:0
DA:1,2
DA:2,2
DA:5,2
DA:7,2
DA:10,2
LF:5
LH:5
BRF:0
BRH:0
end_of_record
